YouTubeAPI/app/build/outputs/logs/manifest-merger-debug-report.txt
-- Merging decision tree log ---
manifest
ADDED from src\main\AndroidManifest.xml:17:1-118:12
	package
		ADDED from src\main\AndroidManifest.xml:18:5-48
		INJECTED from src\main\AndroidManifest.xml
		INJECTED from src\main\AndroidManifest.xml
	android:versionName
		ADDED from src\main\AndroidManifest.xml:20:5-30
		INJECTED from src\main\AndroidManifest.xml
		INJECTED from src\main\AndroidManifest.xml
	android:versionCode
		ADDED from src\main\AndroidManifest.xml:19:5-28
		INJECTED from src\main\AndroidManifest.xml
		INJECTED from src\main\AndroidManifest.xml
	xmlns:android
		ADDED from src\main\AndroidManifest.xml:17:11-69
uses-sdk
ADDED from src\main\AndroidManifest.xml:22:3-70
	android:targetSdkVersion
		ADDED from src\main\AndroidManifest.xml:22:39-68
		INJECTED from src\main\AndroidManifest.xml
		INJECTED from src\main\AndroidManifest.xml
	android:minSdkVersion
		ADDED from src\main\AndroidManifest.xml:22:13-38
		INJECTED from src\main\AndroidManifest.xml
		INJECTED from src\main\AndroidManifest.xml
uses-permission#android.permission.INTERNET
ADDED from src\main\AndroidManifest.xml:24:3-64
	android:name
		ADDED from src\main\AndroidManifest.xml:24:20-62
application
ADDED from src\main\AndroidManifest.xml:26:3-116:17
	android:label
		ADDED from src\main\AndroidManifest.xml:26:16-56
activity#com.example.maobuidinh.youtubeapi.YouTubeAPIDemoActivity
ADDED from src\main\AndroidManifest.xml:28:5-36:16
	android:label
		ADDED from src\main\AndroidManifest.xml:29:9-49
	android:name
		ADDED from src\main\AndroidManifest.xml:30:9-80
intent-filter#android.intent.action.MAIN+android.intent.category.LAUNCHER
ADDED from src\main\AndroidManifest.xml:31:7-34:23
action#android.intent.action.MAIN
ADDED from src\main\AndroidManifest.xml:32:9-61
	android:name
		ADDED from src\main\AndroidManifest.xml:32:17-58
category#android.intent.category.LAUNCHER
ADDED from src\main\AndroidManifest.xml:33:9-69
	android:name
		ADDED from src\main\AndroidManifest.xml:33:19-66
meta-data#@string/isLaunchableActivity
ADDED from src\main\AndroidManifest.xml:35:7-85
	android:value
		ADDED from src\main\AndroidManifest.xml:35:62-83
	android:name
		ADDED from src\main\AndroidManifest.xml:35:18-61
activity#com.example.maobuidinh.youtubeapi.VideoWallDemoActivity
ADDED from src\main\AndroidManifest.xml:38:5-46:16
	android:screenOrientation
		ADDED from src\main\AndroidManifest.xml:41:9-46
	android:label
		ADDED from src\main\AndroidManifest.xml:39:9-52
	android:configChanges
		ADDED from src\main\AndroidManifest.xml:43:9-70
	android:theme
		ADDED from src\main\AndroidManifest.xml:42:9-48
	android:name
		ADDED from src\main\AndroidManifest.xml:40:9-79
meta-data#@string/minVersion
ADDED from src\main\AndroidManifest.xml:44:7-72
	android:value
		ADDED from src\main\AndroidManifest.xml:44:52-70
	android:name
		ADDED from src\main\AndroidManifest.xml:44:18-51
activity#com.example.maobuidinh.youtubeapi.VideoListDemoActivity
ADDED from src\main\AndroidManifest.xml:48:5-54:16
	android:label
		ADDED from src\main\AndroidManifest.xml:49:9-52
	android:configChanges
		ADDED from src\main\AndroidManifest.xml:51:9-70
	android:name
		ADDED from src\main\AndroidManifest.xml:50:9-79
activity#com.example.maobuidinh.youtubeapi.PlayerViewDemoActivity
ADDED from src\main\AndroidManifest.xml:56:5-63:16
	android:screenOrientation
		ADDED from src\main\AndroidManifest.xml:59:9-45
	android:label
		ADDED from src\main\AndroidManifest.xml:57:9-53
	android:configChanges
		ADDED from src\main\AndroidManifest.xml:60:9-70
	android:name
		ADDED from src\main\AndroidManifest.xml:58:9-80
activity#com.example.maobuidinh.youtubeapi.FragmentDemoActivity
ADDED from src\main\AndroidManifest.xml:65:5-72:16
	android:screenOrientation
		ADDED from src\main\AndroidManifest.xml:68:9-45
	android:label
		ADDED from src\main\AndroidManifest.xml:66:9-51
	android:configChanges
		ADDED from src\main\AndroidManifest.xml:69:9-70
	android:name
		ADDED from src\main\AndroidManifest.xml:67:9-78
activity#com.example.maobuidinh.youtubeapi.PlayerControlsDemoActivity
ADDED from src\main\AndroidManifest.xml:74:5-80:16
	android:label
		ADDED from src\main\AndroidManifest.xml:75:9-58
	android:windowSoftInputMode
		ADDED from src\main\AndroidManifest.xml:77:9-50
	android:name
		ADDED from src\main\AndroidManifest.xml:76:9-84
activity#com.example.maobuidinh.youtubeapi.FullscreenDemoActivity
ADDED from src\main\AndroidManifest.xml:82:5-90:16
	android:screenOrientation
		ADDED from src\main\AndroidManifest.xml:85:9-43
	android:label
		ADDED from src\main\AndroidManifest.xml:83:9-53
	android:configChanges
		ADDED from src\main\AndroidManifest.xml:86:9-70
	android:theme
		ADDED from src\main\AndroidManifest.xml:87:9-52
	android:name
		ADDED from src\main\AndroidManifest.xml:84:9-80
activity#com.example.maobuidinh.youtubeapi.ActionBarDemoActivity
ADDED from src\main\AndroidManifest.xml:92:5-100:16
	android:screenOrientation
		ADDED from src\main\AndroidManifest.xml:97:9-52
	android:label
		ADDED from src\main\AndroidManifest.xml:93:9-53
	android:configChanges
		ADDED from src\main\AndroidManifest.xml:95:9-70
	android:theme
		ADDED from src\main\AndroidManifest.xml:96:9-53
	android:name
		ADDED from src\main\AndroidManifest.xml:94:9-79
activity#com.example.maobuidinh.youtubeapi.StandalonePlayerDemoActivity
ADDED from src\main\AndroidManifest.xml:102:5-107:16
	android:label
		ADDED from src\main\AndroidManifest.xml:103:9-60
	android:name
		ADDED from src\main\AndroidManifest.xml:104:9-86
activity#com.example.maobuidinh.youtubeapi.IntentsDemoActivity
ADDED from src\main\AndroidManifest.xml:109:5-114:16
	android:label
		ADDED from src\main\AndroidManifest.xml:110:9-50
	android:name
		ADDED from src\main\AndroidManifest.xml:111:9-77